<?xml version="1.0" encoding="UTF-8"?>
<testsuite xmlns:xsi="http://www.w3.org/2001/XMLSchema-instance" xsi:noNamespaceSchemaLocation="https://maven.apache.org/surefire/maven-surefire-plugin/xsd/surefire-test-report-3.0.xsd" version="3.0" name="TestSuite" time="3.917" tests="2" errors="0" skipped="0" failures="0">
  <properties>
[...]
</properties>
  <testcase name="loginTest[fUhXOePNBQFu/nWvv7PGrg==:8y4UCZvUoYB9Cc6kr+f2RAL5Nrhd3sWjk7JjNdsKiRY=, qOVeJ8rTd8TwDM97HgAPBw==:JZ/uwuD2dTRGOntqt0dBaA==, Success](1)" classname="api.test.LoginTest" time="1.446">
    <system-out><![CDATA[12:07:42.536 [main] DEBUG org.testng.TestNG - suiteXmlPath: "C:\Users\VikramKumarMEHTA\eclipse-workspace\AudiApiAutomation\testng.xml"
username: fUhXOePNBQFu/nWvv7PGrg==:8y4UCZvUoYB9Cc6kr+f2RAL5Nrhd3sWjk7JjNdsKiRY=
password: qOVeJ8rTd8TwDM97HgAPBw==:JZ/uwuD2dTRGOntqt0dBaA==
Response Status Code: 200
Response Body: {"access_token":"eyJhbGciOiJIUzI1NiIsInR5cCI6IkpXVCJ9.eyJ1c2VyX2lkIjoxLCJ1c2VyX25hbWUiOiJHaWxzb24gVG9teSIsIm1vZGUiOiJhY2Nlc3NfdG9rZW4iLCJleHAiOjE3MjIyMzg2NjZ9.JryQUg-haPbSBHagAUJpzBaT3fLmEQRrxfQ1vscqt4g","token_type":"bearer","created_at":"2024-07-29T12:07:46.171501+05:30","expired_at":"2024-07-29T13:07:46.171457+05:30"}
Deserialized Response: api.payload.LoginResponse@5bec3e0
]]></system-out>
  </testcase>
  <testcase name="logoutTest" classname="api.test.LogoutTest" time="0.488">
    <system-out><![CDATA[Response Status Code: 200
Response Body: {"message":"Logout Successful"}
]]></system-out>
  </testcase>
</testsuite>