<?xml version="1.0" encoding="UTF-8"?>
<testng-results ignored="0" total="2" passed="2" failed="0" skipped="0">
  <reporter-output>
  </reporter-output>
  <suite started-at="2024-07-29T12:07:42 IST" name="RestAssured Suite" finished-at="2024-07-29T12:07:45 IST" duration-ms="3136">
    <groups>
    </groups>
    <test started-at="2024-07-29T12:07:42 IST" name="Login Tests" finished-at="2024-07-29T12:07:45 IST" duration-ms="3136">
      <class name="api.test.LoginTest">
        <test-method is-config="true" signature="setUp()[pri:0, instance:api.test.LoginTest@682b2fa]" started-at="2024-07-29T12:07:42 IST" name="setUp" finished-at="2024-07-29T12:07:43 IST" duration-ms="287" status="PASS">
          <reporter-output>
          </reporter-output>
        </test-method> <!-- setUp -->
        <test-method signature="loginTest(java.lang.String,java.lang.String,java.lang.String)[pri:0, instance:api.test.LoginTest@682b2fa]" started-at="2024-07-29T12:07:43 IST" name="loginTest" data-provider="loginData" finished-at="2024-07-29T12:07:45 IST" duration-ms="1442" status="PASS">
          <params>
            <param index="0">
              <value>
                <![CDATA[fUhXOePNBQFu/nWvv7PGrg==:8y4UCZvUoYB9Cc6kr+f2RAL5Nrhd3sWjk7JjNdsKiRY=]]>
              </value>
            </param>
            <param index="1">
              <value>
                <![CDATA[qOVeJ8rTd8TwDM97HgAPBw==:JZ/uwuD2dTRGOntqt0dBaA==]]>
              </value>
            </param>
            <param index="2">
              <value>
                <![CDATA[Success]]>
              </value>
            </param>
          </params>
          <reporter-output>
          </reporter-output>
        </test-method> <!-- loginTest -->
      </class> <!-- api.test.LoginTest -->
      <class name="api.test.LogoutTest">
        <test-method is-config="true" signature="setUp()[pri:0, instance:api.test.LogoutTest@77c2494c]" started-at="2024-07-29T12:07:45 IST" name="setUp" finished-at="2024-07-29T12:07:45 IST" duration-ms="1" status="PASS">
          <reporter-output>
          </reporter-output>
        </test-method> <!-- setUp -->
        <test-method signature="logoutTest()[pri:3, instance:api.test.LogoutTest@77c2494c]" started-at="2024-07-29T12:07:45 IST" name="logoutTest" finished-at="2024-07-29T12:07:45 IST" depends-on-methods="api.test.LoginTest.loginTest" duration-ms="488" status="PASS">
          <reporter-output>
          </reporter-output>
        </test-method> <!-- logoutTest -->
      </class> <!-- api.test.LogoutTest -->
    </test> <!-- Login Tests -->
  </suite> <!-- RestAssured Suite -->
</testng-results>
